# JRE version: OpenJDK Runtime Environment Temurin-17.0.6+10 (17.0.6+10) (build 17.0.6+10)
# Java VM: OpenJDK 64-Bit Server VM Temurin-17.0.6+10 (17.0.6+10, mixed mode, tiered, compressed oops, compressed class ptrs, parallel gc, windows-amd64)
GC Precious Log:
 CPUs: 12 total, 12 available
 Memory: 5989M
 Large Page Support: Disabled
 NUMA Support: Disabled
 Compressed Oops: Enabled (32-bit)
 Alignments: Space 512K, Generation 512K, Heap 2M
 Heap Min Capacity: 100M
 Heap Initial Capacity: 100M
 Heap Max Capacity: 1G
 Pre-touch: Disabled
 Parallel Workers: 10
Heap:
 PSYoungGen      total 7168K, used 2536K [0x00000000eab00000, 0x00000000eb380000, 0x0000000100000000)
  eden space 5632K, 18% used [0x00000000eab00000,0x00000000eac079c0,0x00000000eb080000)
  from space 1536K, 96% used [0x00000000eb200000,0x00000000eb372890,0x00000000eb380000)
  to   space 1536K, 0% used [0x00000000eb080000,0x00000000eb080000,0x00000000eb200000)
 ParOldGen       total 115200K, used 106164K [0x00000000c0000000, 0x00000000c7080000, 0x00000000eab00000)
  object space 115200K, 92% used [0x00000000c0000000,0x00000000c67ad038,0x00000000c7080000)
 Metaspace       used 56030K, committed 57152K, reserved 1105920K
  class space    used 6008K, committed 6528K, reserved 1048576K
GC Heap History (20 events):
Event: 15.285 GC heap before
{Heap before GC invocations=59 (full 4):
 PSYoungGen      total 12800K, used 8192K [0x00000000eab00000, 0x00000000ebc00000, 0x0000000100000000)
  eden space 8192K, 100% used [0x00000000eab00000,0x00000000eb300000,0x00000000eb300000)
  from space 4608K, 0% used [0x00000000eb780000,0x00000000eb780000,0x00000000ebc00000)
  to   space 4608K, 0% used [0x00000000eb300000,0x00000000eb300000,0x00000000eb780000)
 ParOldGen       total 115200K, used 88396K [0x00000000c0000000, 0x00000000c7080000, 0x00000000eab00000)
  object space 115200K, 76% used [0x00000000c0000000,0x00000000c56532d8,0x00000000c7080000)
 Metaspace       used 56030K, committed 57152K, reserved 1105920K
  class space    used 6008K, committed 6528K, reserved 1048576K
}
Event: 15.287 GC heap after
{Heap after GC invocations=59 (full 4):
 PSYoungGen      total 10240K, used 1994K [0x00000000eab00000, 0x00000000eb900000, 0x0000000100000000)
  eden space 8192K, 0% used [0x00000000eab00000,0x00000000eab00000,0x00000000eb300000)
  from space 2048K, 97% used [0x00000000eb300000,0x00000000eb4f29c8,0x00000000eb500000)
  to   space 3072K, 0% used [0x00000000eb600000,0x00000000eb600000,0x00000000eb900000)
 ParOldGen       total 115200K, used 88396K [0x00000000c0000000, 0x00000000c7080000, 0x00000000eab00000)
  object space 115200K, 76% used [0x00000000c0000000,0x00000000c56532d8,0x00000000c7080000)
 Metaspace       used 56030K, committed 57152K, reserved 1105920K
  class space    used 6008K, committed 6528K, reserved 1048576K
}
Event: 15.369 GC heap before
{Heap before GC invocations=60 (full 4):
 PSYoungGen      total 10240K, used 10186K [0x00000000eab00000, 0x00000000eb900000, 0x0000000100000000)
  eden space 8192K, 100% used [0x00000000eab00000,0x00000000eb300000,0x00000000eb300000)
  from space 2048K, 97% used [0x00000000eb300000,0x00000000eb4f29c8,0x00000000eb500000)
  to   space 3072K, 0% used [0x00000000eb600000,0x00000000eb600000,0x00000000eb900000)
 ParOldGen       total 115200K, used 88396K [0x00000000c0000000, 0x00000000c7080000, 0x00000000eab00000)
  object space 115200K, 76% used [0x00000000c0000000,0x00000000c56532d8,0x00000000c7080000)
 Metaspace       used 56030K, committed 57152K, reserved 1105920K
  class space    used 6008K, committed 6528K, reserved 1048576K
}
Event: 15.371 GC heap after
{Heap after GC invocations=60 (full 4):
 PSYoungGen      total 10240K, used 3070K [0x00000000eab00000, 0x00000000ebb00000, 0x0000000100000000)
  eden space 7168K, 0% used [0x00000000eab00000,0x00000000eab00000,0x00000000eb200000)
  from space 3072K, 99% used [0x00000000eb600000,0x00000000eb8ffa40,0x00000000eb900000)
  to   space 4096K, 0% used [0x00000000eb200000,0x00000000eb200000,0x00000000eb600000)
 ParOldGen       total 115200K, used 89083K [0x00000000c0000000, 0x00000000c7080000, 0x00000000eab00000)
  object space 115200K, 77% used [0x00000000c0000000,0x00000000c56fee10,0x00000000c7080000)
 Metaspace       used 56030K, committed 57152K, reserved 1105920K
  class space    used 6008K, committed 6528K, reserved 1048576K
}
Event: 15.455 GC heap before
{Heap before GC invocations=61 (full 4):
 PSYoungGen      total 10240K, used 10238K [0x00000000eab00000, 0x00000000ebb00000, 0x0000000100000000)
  eden space 7168K, 100% used [0x00000000eab00000,0x00000000eb200000,0x00000000eb200000)
  from space 3072K, 99% used [0x00000000eb600000,0x00000000eb8ffa40,0x00000000eb900000)
  to   space 4096K, 0% used [0x00000000eb200000,0x00000000eb200000,0x00000000eb600000)
 ParOldGen       total 115200K, used 89083K [0x00000000c0000000, 0x00000000c7080000, 0x00000000eab00000)
  object space 115200K, 77% used [0x00000000c0000000,0x00000000c56fee10,0x00000000c7080000)
 Metaspace       used 56030K, committed 57152K, reserved 1105920K
  class space    used 6008K, committed 6528K, reserved 1048576K
}
Event: 15.458 GC heap after
{Heap after GC invocations=61 (full 4):
 PSYoungGen      total 9216K, used 1779K [0x00000000eab00000, 0x00000000eb700000, 0x0000000100000000)
  eden space 7168K, 0% used [0x00000000eab00000,0x00000000eab00000,0x00000000eb200000)
  from space 2048K, 86% used [0x00000000eb200000,0x00000000eb3bcd78,0x00000000eb400000)
  to   space 2560K, 0% used [0x00000000eb480000,0x00000000eb480000,0x00000000eb700000)
 ParOldGen       total 115200K, used 92214K [0x00000000c0000000, 0x00000000c7080000, 0x00000000eab00000)
  object space 115200K, 80% used [0x00000000c0000000,0x00000000c5a0db68,0x00000000c7080000)
 Metaspace       used 56030K, committed 57152K, reserved 1105920K
  class space    used 6008K, committed 6528K, reserved 1048576K
}
Event: 15.534 GC heap before
{Heap before GC invocations=62 (full 4):
 PSYoungGen      total 9216K, used 8947K [0x00000000eab00000, 0x00000000eb700000, 0x0000000100000000)
  eden space 7168K, 100% used [0x00000000eab00000,0x00000000eb200000,0x00000000eb200000)
  from space 2048K, 86% used [0x00000000eb200000,0x00000000eb3bcd78,0x00000000eb400000)
  to   space 2560K, 0% used [0x00000000eb480000,0x00000000eb480000,0x00000000eb700000)
 ParOldGen       total 115200K, used 92214K [0x00000000c0000000, 0x00000000c7080000, 0x00000000eab00000)
  object space 115200K, 80% used [0x00000000c0000000,0x00000000c5a0db68,0x00000000c7080000)
 Metaspace       used 56030K, committed 57152K, reserved 1105920K
  class space    used 6008K, committed 6528K, reserved 1048576K
}
Event: 15.537 GC heap after
{Heap after GC invocations=62 (full 4):
 PSYoungGen      total 9216K, used 1760K [0x00000000eab00000, 0x00000000eb680000, 0x0000000100000000)
  eden space 7168K, 0% used [0x00000000eab00000,0x00000000eab00000,0x00000000eb200000)
  from space 2048K, 85% used [0x00000000eb480000,0x00000000eb638278,0x00000000eb680000)
  to   space 2048K, 0% used [0x00000000eb200000,0x00000000eb200000,0x00000000eb400000)
 ParOldGen       total 115200K, used 93844K [0x00000000c0000000, 0x00000000c7080000, 0x00000000eab00000)
  object space 115200K, 81% used [0x00000000c0000000,0x00000000c5ba50a0,0x00000000c7080000)
 Metaspace       used 56030K, committed 57152K, reserved 1105920K
  class space    used 6008K, committed 6528K, reserved 1048576K
}
Event: 15.652 GC heap before
{Heap before GC invocations=63 (full 4):
 PSYoungGen      total 9216K, used 8928K [0x00000000eab00000, 0x00000000eb680000, 0x0000000100000000)
  eden space 7168K, 100% used [0x00000000eab00000,0x00000000eb200000,0x00000000eb200000)
  from space 2048K, 85% used [0x00000000eb480000,0x00000000eb638278,0x00000000eb680000)
  to   space 2048K, 0% used [0x00000000eb200000,0x00000000eb200000,0x00000000eb400000)
 ParOldGen       total 115200K, used 93844K [0x00000000c0000000, 0x00000000c7080000, 0x00000000eab00000)
  object space 115200K, 81% used [0x00000000c0000000,0x00000000c5ba50a0,0x00000000c7080000)
 Metaspace       used 56030K, committed 57152K, reserved 1105920K
  class space    used 6008K, committed 6528K, reserved 1048576K
}
Event: 15.659 GC heap after
{Heap after GC invocations=63 (full 4):
 PSYoungGen      total 8704K, used 1296K [0x00000000eab00000, 0x00000000eb500000, 0x0000000100000000)
  eden space 7168K, 0% used [0x00000000eab00000,0x00000000eab00000,0x00000000eb200000)
  from space 1536K, 84% used [0x00000000eb200000,0x00000000eb344050,0x00000000eb380000)
  to   space 1536K, 0% used [0x00000000eb380000,0x00000000eb380000,0x00000000eb500000)
 ParOldGen       total 115200K, used 97198K [0x00000000c0000000, 0x00000000c7080000, 0x00000000eab00000)
  object space 115200K, 84% used [0x00000000c0000000,0x00000000c5eeb8d8,0x00000000c7080000)
 Metaspace       used 56030K, committed 57152K, reserved 1105920K
  class space    used 6008K, committed 6528K, reserved 1048576K
}
Event: 15.765 GC heap before
{Heap before GC invocations=64 (full 4):
 PSYoungGen      total 8704K, used 8464K [0x00000000eab00000, 0x00000000eb500000, 0x0000000100000000)
  eden space 7168K, 100% used [0x00000000eab00000,0x00000000eb200000,0x00000000eb200000)
  from space 1536K, 84% used [0x00000000eb200000,0x00000000eb344050,0x00000000eb380000)
  to   space 1536K, 0% used [0x00000000eb380000,0x00000000eb380000,0x00000000eb500000)
 ParOldGen       total 115200K, used 97198K [0x00000000c0000000, 0x00000000c7080000, 0x00000000eab00000)
  object space 115200K, 84% used [0x00000000c0000000,0x00000000c5eeb8d8,0x00000000c7080000)
 Metaspace       used 56030K, committed 57152K, reserved 1105920K
  class space    used 6008K, committed 6528K, reserved 1048576K
}
Event: 15.768 GC heap after
{Heap after GC invocations=64 (full 4):
 PSYoungGen      total 7168K, used 1514K [0x00000000eab00000, 0x00000000eb800000, 0x0000000100000000)
  eden space 5632K, 0% used [0x00000000eab00000,0x00000000eab00000,0x00000000eb080000)
  from space 1536K, 98% used [0x00000000eb380000,0x00000000eb4fab20,0x00000000eb500000)
  to   space 3072K, 0% used [0x00000000eb080000,0x00000000eb080000,0x00000000eb380000)
 ParOldGen       total 115200K, used 98463K [0x00000000c0000000, 0x00000000c7080000, 0x00000000eab00000)
  object space 115200K, 85% used [0x00000000c0000000,0x00000000c6027ca8,0x00000000c7080000)
 Metaspace       used 56030K, committed 57152K, reserved 1105920K
  class space    used 6008K, committed 6528K, reserved 1048576K
}
Event: 15.808 GC heap before
{Heap before GC invocations=65 (full 4):
 PSYoungGen      total 7168K, used 7146K [0x00000000eab00000, 0x00000000eb800000, 0x0000000100000000)
  eden space 5632K, 100% used [0x00000000eab00000,0x00000000eb080000,0x00000000eb080000)
  from space 1536K, 98% used [0x00000000eb380000,0x00000000eb4fab20,0x00000000eb500000)
  to   space 3072K, 0% used [0x00000000eb080000,0x00000000eb080000,0x00000000eb380000)
 ParOldGen       total 115200K, used 98463K [0x00000000c0000000, 0x00000000c7080000, 0x00000000eab00000)
  object space 115200K, 85% used [0x00000000c0000000,0x00000000c6027ca8,0x00000000c7080000)
 Metaspace       used 56030K, committed 57152K, reserved 1105920K
  class space    used 6008K, committed 6528K, reserved 1048576K
}
Event: 15.811 GC heap after
{Heap after GC invocations=65 (full 4):
 PSYoungGen      total 7168K, used 1417K [0x00000000eab00000, 0x00000000eb480000, 0x0000000100000000)
  eden space 5632K, 0% used [0x00000000eab00000,0x00000000eab00000,0x00000000eb080000)
  from space 1536K, 92% used [0x00000000eb080000,0x00000000eb1e24c0,0x00000000eb200000)
  to   space 2048K, 0% used [0x00000000eb280000,0x00000000eb280000,0x00000000eb480000)
 ParOldGen       total 115200K, used 99987K [0x00000000c0000000, 0x00000000c7080000, 0x00000000eab00000)
  object space 115200K, 86% used [0x00000000c0000000,0x00000000c61a4cf8,0x00000000c7080000)
 Metaspace       used 56030K, committed 57152K, reserved 1105920K
  class space    used 6008K, committed 6528K, reserved 1048576K
}
Event: 15.857 GC heap before
{Heap before GC invocations=66 (full 4):
 PSYoungGen      total 7168K, used 7049K [0x00000000eab00000, 0x00000000eb480000, 0x0000000100000000)
  eden space 5632K, 100% used [0x00000000eab00000,0x00000000eb080000,0x00000000eb080000)
  from space 1536K, 92% used [0x00000000eb080000,0x00000000eb1e24c0,0x00000000eb200000)
  to   space 2048K, 0% used [0x00000000eb280000,0x00000000eb280000,0x00000000eb480000)
 ParOldGen       total 115200K, used 99987K [0x00000000c0000000, 0x00000000c7080000, 0x00000000eab00000)
  object space 115200K, 86% used [0x00000000c0000000,0x00000000c61a4cf8,0x00000000c7080000)
 Metaspace       used 56030K, committed 57152K, reserved 1105920K
  class space    used 6008K, committed 6528K, reserved 1048576K
}
Event: 15.860 GC heap after
{Heap after GC invocations=66 (full 4):
 PSYoungGen      total 7168K, used 1370K [0x00000000eab00000, 0x00000000eb400000, 0x0000000100000000)
  eden space 5632K, 0% used [0x00000000eab00000,0x00000000eab00000,0x00000000eb080000)
  from space 1536K, 89% used [0x00000000eb280000,0x00000000eb3d6978,0x00000000eb400000)
  to   space 1536K, 0% used [0x00000000eb080000,0x00000000eb080000,0x00000000eb200000)
 ParOldGen       total 115200K, used 101226K [0x00000000c0000000, 0x00000000c7080000, 0x00000000eab00000)
  object space 115200K, 87% used [0x00000000c0000000,0x00000000c62dab90,0x00000000c7080000)
 Metaspace       used 56030K, committed 57152K, reserved 1105920K
  class space    used 6008K, committed 6528K, reserved 1048576K
}
Event: 15.903 GC heap before
{Heap before GC invocations=67 (full 4):
 PSYoungGen      total 7168K, used 7002K [0x00000000eab00000, 0x00000000eb400000, 0x0000000100000000)
  eden space 5632K, 100% used [0x00000000eab00000,0x00000000eb080000,0x00000000eb080000)
  from space 1536K, 89% used [0x00000000eb280000,0x00000000eb3d6978,0x00000000eb400000)
  to   space 1536K, 0% used [0x00000000eb080000,0x00000000eb080000,0x00000000eb200000)
 ParOldGen       total 115200K, used 101226K [0x00000000c0000000, 0x00000000c7080000, 0x00000000eab00000)
  object space 115200K, 87% used [0x00000000c0000000,0x00000000c62dab90,0x00000000c7080000)
 Metaspace       used 56030K, committed 57152K, reserved 1105920K
  class space    used 6008K, committed 6528K, reserved 1048576K
}
Event: 15.905 GC heap after
{Heap after GC invocations=67 (full 4):
 PSYoungGen      total 7168K, used 1280K [0x00000000eab00000, 0x00000000eb380000, 0x0000000100000000)
  eden space 5632K, 0% used [0x00000000eab00000,0x00000000eab00000,0x00000000eb080000)
  from space 1536K, 83% used [0x00000000eb080000,0x00000000eb1c0000,0x00000000eb200000)
  to   space 1536K, 0% used [0x00000000eb200000,0x00000000eb200000,0x00000000eb380000)
 ParOldGen       total 115200K, used 102464K [0x00000000c0000000, 0x00000000c7080000, 0x00000000eab00000)
  object space 115200K, 88% used [0x00000000c0000000,0x00000000c6410040,0x00000000c7080000)
 Metaspace       used 56030K, committed 57152K, reserved 1105920K
  class space    used 6008K, committed 6528K, reserved 1048576K
}
Event: 15.945 GC heap before
{Heap before GC invocations=68 (full 4):
 PSYoungGen      total 7168K, used 6912K [0x00000000eab00000, 0x00000000eb380000, 0x0000000100000000)
  eden space 5632K, 100% used [0x00000000eab00000,0x00000000eb080000,0x00000000eb080000)
  from space 1536K, 83% used [0x00000000eb080000,0x00000000eb1c0000,0x00000000eb200000)
  to   space 1536K, 0% used [0x00000000eb200000,0x00000000eb200000,0x00000000eb380000)
 ParOldGen       total 115200K, used 102464K [0x00000000c0000000, 0x00000000c7080000, 0x00000000eab00000)
  object space 115200K, 88% used [0x00000000c0000000,0x00000000c6410040,0x00000000c7080000)
 Metaspace       used 56030K, committed 57152K, reserved 1105920K
  class space    used 6008K, committed 6528K, reserved 1048576K
}
Event: 15.948 GC heap after
{Heap after GC invocations=68 (full 4):
 PSYoungGen      total 7168K, used 1342K [0x00000000eab00000, 0x00000000eb380000, 0x0000000100000000)
  eden space 5632K, 0% used [0x00000000eab00000,0x00000000eab00000,0x00000000eb080000)
  from space 1536K, 87% used [0x00000000eb200000,0x00000000eb34fbc0,0x00000000eb380000)
  to   space 1536K, 0% used [0x00000000eb080000,0x00000000eb080000,0x00000000eb200000)
 ParOldGen       total 115200K, used 103682K [0x00000000c0000000, 0x00000000c7080000, 0x00000000eab00000)
  object space 115200K, 90% used [0x00000000c0000000,0x00000000c65408d8,0x00000000c7080000)
 Metaspace       used 56030K, committed 57152K, reserved 1105920K
  class space    used 6008K, committed 6528K, reserved 1048576K
}

